TN:
SF:c:\Abyss Web Server\htdocs\auto-mart\app.js
FNF:0
FNH:0
DA:1,1
DA:3,1
DA:4,1
DA:5,1
DA:6,1
DA:9,1
DA:10,1
DA:15,1
DA:17,1
DA:18,1
DA:19,1
DA:20,1
DA:21,1
DA:22,1
DA:23,1
DA:25,1
DA:26,1
DA:30,1
LF:18
LH:18
BRF:0
BRH:0
end_of_record
TN:
SF:c:\Abyss Web Server\htdocs\auto-mart\UI\assets\js\main.js
FN:1,classToggle
FNF:1
FNH:0
FNDA:0,classToggle
DA:2,0
DA:3,0
DA:4,0
DA:6,0
DA:10,0
DA:11,0
LF:6
LH:0
BRDA:3,0,0,0
BRDA:3,0,1,0
BRF:2
BRH:0
end_of_record
TN:
SF:c:\Abyss Web Server\htdocs\auto-mart\controllers\cars.js
FNF:0
FNH:0
LF:0
LH:0
BRF:0
BRH:0
end_of_record
TN:
SF:c:\Abyss Web Server\htdocs\auto-mart\controllers\flags.js
FNF:0
FNH:0
LF:0
LH:0
BRF:0
BRH:0
end_of_record
TN:
SF:c:\Abyss Web Server\htdocs\auto-mart\controllers\orders.js
FNF:0
FNH:0
LF:0
LH:0
BRF:0
BRH:0
end_of_record
TN:
SF:c:\Abyss Web Server\htdocs\auto-mart\controllers\users.js
FNF:0
FNH:0
LF:0
LH:0
BRF:0
BRH:0
end_of_record
TN:
SF:c:\Abyss Web Server\htdocs\auto-mart\helpers\helper.js
FN:4,(anonymous_0)
FN:11,(anonymous_1)
FN:13,mustBeInArray
FN:14,(anonymous_3)
FN:15,(anonymous_4)
FN:26,writeJSONFile
FN:27,(anonymous_6)
FN:34,(anonymous_7)
FNF:8
FNH:4
FNDA:1,(anonymous_0)
FNDA:2,(anonymous_1)
FNDA:0,mustBeInArray
FNDA:0,(anonymous_3)
FNDA:0,(anonymous_4)
FNDA:1,writeJSONFile
FNDA:0,(anonymous_6)
FNDA:1,(anonymous_7)
DA:1,1
DA:2,1
DA:4,1
DA:5,1
DA:6,1
DA:8,0
DA:11,2
DA:14,0
DA:15,0
DA:16,0
DA:17,0
DA:22,0
DA:27,1
DA:28,0
DA:29,0
DA:34,1
DA:35,1
DA:36,1
DA:39,1
LF:19
LH:11
BRDA:5,0,0,1
BRDA:5,0,1,0
BRDA:16,1,0,0
BRDA:16,1,1,0
BRDA:28,2,0,0
BRDA:28,2,1,0
BRF:6
BRH:1
end_of_record
TN:
SF:c:\Abyss Web Server\htdocs\auto-mart\helpers\middlewares.js
FN:1,checkFieldsPost
FNF:1
FNH:1
FNDA:2,checkFieldsPost
DA:8,2
DA:9,2
DA:10,1
DA:12,1
DA:18,1
LF:5
LH:5
BRDA:9,0,0,1
BRDA:9,0,1,1
BRDA:9,1,0,2
BRDA:9,1,1,2
BRDA:9,1,2,2
BRDA:9,1,3,2
BRDA:9,1,4,1
BRF:7
BRH:7
end_of_record
TN:
SF:c:\Abyss Web Server\htdocs\auto-mart\models\flags.js
FNF:0
FNH:0
LF:0
LH:0
BRF:0
BRH:0
end_of_record
TN:
SF:c:\Abyss Web Server\htdocs\auto-mart\models\orders.js
FNF:0
FNH:0
LF:0
LH:0
BRF:0
BRH:0
end_of_record
TN:
SF:c:\Abyss Web Server\htdocs\auto-mart\models\users.js
FN:5,insertUser
FN:6,(anonymous_1)
FNF:2
FNH:2
FNDA:1,insertUser
FNDA:1,(anonymous_1)
DA:1,1
DA:3,1
DA:6,1
DA:7,1
DA:8,1
DA:12,1
DA:13,1
DA:19,1
DA:20,1
DA:21,1
DA:24,1
LF:11
LH:11
BRF:0
BRH:0
end_of_record
TN:
SF:c:\Abyss Web Server\htdocs\auto-mart\routes\cars.js
FNF:0
FNH:0
LF:0
LH:0
BRF:0
BRH:0
end_of_record
TN:
SF:c:\Abyss Web Server\htdocs\auto-mart\routes\flags.js
FNF:0
FNH:0
LF:0
LH:0
BRF:0
BRH:0
end_of_record
TN:
SF:c:\Abyss Web Server\htdocs\auto-mart\routes\index.js
FN:6,(anonymous_0)
FNF:1
FNH:0
FNDA:0,(anonymous_0)
DA:1,1
DA:3,1
DA:6,1
DA:7,0
DA:10,1
LF:5
LH:4
BRF:0
BRH:0
end_of_record
TN:
SF:c:\Abyss Web Server\htdocs\auto-mart\routes\orders.js
FNF:0
FNH:0
LF:0
LH:0
BRF:0
BRH:0
end_of_record
TN:
SF:c:\Abyss Web Server\htdocs\auto-mart\routes\users.js
FN:8,(anonymous_0)
FN:10,(anonymous_1)
FN:21,(anonymous_2)
FN:29,(anonymous_3)
FNF:4
FNH:2
FNDA:1,(anonymous_0)
FNDA:1,(anonymous_1)
FNDA:0,(anonymous_2)
FNDA:0,(anonymous_3)
DA:1,1
DA:3,1
DA:4,1
DA:5,1
DA:8,1
DA:9,1
DA:10,1
DA:21,0
DA:27,1
DA:29,1
DA:30,0
LF:11
LH:9
BRF:0
BRH:0
end_of_record
